[2021-05-22 12:12:36,663] | mylogger.py |DEBUG : tag---->par
[2021-05-22 12:12:37,764] | mylogger.py |DEBUG : token:3aae90cf-a489-4abc-abbb-48b7005fede5
[2021-05-22 12:12:37,765] | mylogger.py |DEBUG : _data:{"id": "12104", "type": 0}
[2021-05-22 12:12:37,965] | mylogger.py |DEBUG : _data:{}
[2021-05-22 12:12:38,225] | mylogger.py |DEBUG : _data:{}
[2021-05-22 12:12:38,508] | mylogger.py |DEBUG : _data:{}
[2021-05-22 12:12:38,844] | mylogger.py |DEBUG : _data:{"bank": "\u4e2d\u56fd\u94f6\u884c", "bankAccount": "64645456466464546", "bankUserName": "\u5566\u5566\u5566\u5c0f\u9b54\u6cd5"}
[2021-05-22 12:12:39,003] | mylogger.py |DEBUG : _data:{"name": "\u5fd7\u96c4BP"}
[2021-05-22 12:12:39,145] | mylogger.py |DEBUG : _data:{"operationType": 1, "pageNum": 0, "pageSize": 10, "timeType": 1}
[2021-05-22 12:12:39,310] | mylogger.py |DEBUG : _data:{"stationIds": 100213}
[2021-05-22 12:12:39,477] | mylogger.py |DEBUG : _data:{}
[2021-05-22 12:12:39,663] | mylogger.py |DEBUG : _data:{"page": 1, "size": 40, "status": 2}
[2021-05-22 12:12:39,833] | mylogger.py |DEBUG : _data:{"page": 1, "size": 40, "status": 1}
[2021-05-22 12:12:40,008] | mylogger.py |DEBUG : _data:{"page": 1, "size": 2, "status": 2}
[2021-05-22 12:12:40,158] | mylogger.py |DEBUG : _data:{"page": 1, "size": 2, "status": 1}
[2021-05-22 12:12:40,308] | mylogger.py |DEBUG : _data:{"id": 6}
[2021-05-22 13:10:01,767] | mylogger.py |DEBUG : tag---->par
[2021-05-22 13:10:02,816] | mylogger.py |DEBUG : token:3bdc7587-2053-40a3-9916-700a7b02ce08
[2021-05-22 13:10:02,818] | mylogger.py |DEBUG : _data:{"id": "12104", "type": 0}
[2021-05-22 13:10:03,116] | mylogger.py |DEBUG : _data:{}
[2021-05-22 13:10:03,445] | mylogger.py |DEBUG : _data:{}
[2021-05-22 13:10:03,709] | mylogger.py |DEBUG : _data:{}
[2021-05-22 13:10:03,993] | mylogger.py |DEBUG : _data:{"bank": "\u4e2d\u56fd\u94f6\u884c", "bankAccount": "64645456466464546", "bankUserName": "\u5566\u5566\u5566\u5c0f\u9b54\u6cd5"}
[2021-05-22 13:10:04,197] | mylogger.py |DEBUG : _data:{"name": "\u5fd7\u96c4BP"}
[2021-05-22 13:10:04,367] | mylogger.py |DEBUG : _data:{"operationType": 1, "pageNum": 0, "pageSize": 10, "timeType": 1}
[2021-05-22 13:10:04,529] | mylogger.py |DEBUG : _data:{"stationIds": 100213}
[2021-05-22 13:10:04,704] | mylogger.py |DEBUG : _data:{}
[2021-05-22 13:10:04,887] | mylogger.py |DEBUG : _data:{"page": 1, "size": 40, "status": 2}
[2021-05-22 13:10:05,041] | mylogger.py |DEBUG : _data:{"page": 1, "size": 40, "status": 1}
[2021-05-22 13:10:05,197] | mylogger.py |DEBUG : _data:{"page": 1, "size": 2, "status": 2}
[2021-05-22 13:10:05,350] | mylogger.py |DEBUG : _data:{"page": 1, "size": 2, "status": 1}
[2021-05-22 13:10:05,496] | mylogger.py |DEBUG : _data:{"id": 6}
[2021-05-22 13:23:13,861] | mylogger.py |DEBUG : token:7fc7b4b8-9592-4279-b225-3bc4604dacdb
[2021-05-22 13:23:13,862] | mylogger.py |DEBUG : _data:{"id": "12104", "type": 0}
[2021-05-22 13:23:14,092] | mylogger.py |DEBUG : _data:{}
[2021-05-22 13:23:14,351] | mylogger.py |DEBUG : _data:{}
[2021-05-22 13:23:14,557] | mylogger.py |DEBUG : _data:{}
[2021-05-22 13:23:14,762] | mylogger.py |DEBUG : _data:{"bank": "\u4e2d\u56fd\u94f6\u884c", "bankAccount": "64645456466464546", "bankUserName": "\u5566\u5566\u5566\u5c0f\u9b54\u6cd5"}
[2021-05-22 13:23:14,930] | mylogger.py |DEBUG : _data:{"name": "\u5fd7\u96c4BP"}
[2021-05-22 13:23:15,071] | mylogger.py |DEBUG : _data:{"operationType": 1, "pageNum": 0, "pageSize": 10, "timeType": 1}
[2021-05-22 13:23:15,236] | mylogger.py |DEBUG : _data:{"stationIds": 100213}
[2021-05-22 13:23:15,400] | mylogger.py |DEBUG : _data:{}
[2021-05-22 13:23:15,573] | mylogger.py |DEBUG : _data:{"page": 1, "size": 40, "status": 2}
[2021-05-22 13:23:15,729] | mylogger.py |DEBUG : _data:{"page": 1, "size": 40, "status": 1}
[2021-05-22 13:23:15,874] | mylogger.py |DEBUG : _data:{"page": 1, "size": 2, "status": 2}
[2021-05-22 13:23:16,020] | mylogger.py |DEBUG : _data:{"page": 1, "size": 2, "status": 1}
[2021-05-22 13:23:16,164] | mylogger.py |DEBUG : _data:{"id": 6}
